<?xml version="1.0" encoding="UTF-8"?>
<!-- Generated by org.testng.reporters.JUnitReportReporter -->
<testsuite hostname="DESKTOP-URHJUUA" failures="0" tests="2" name="demo.itacTest" time="5.172" errors="1" timestamp="2024-05-14T10:49:56 IST" skipped="1">
  <testcase classname="demo.itacTest" name="itacTest" time="0.000">
    <skipped/>
  </testcase> <!-- itacTest -->
  <system-out/>
  <testcase classname="demo.itacTest" name="launchBrowser" time="5.172">
    <error message="session not created: This version of ChromeDriver only supports Chrome version 122
Current browser version is 124.0.6367.158 with binary path C:\Program Files\Google\Chrome\Application\chrome.exe
Build info: version: &#039;3.141.59&#039;, revision: &#039;e82be7d358&#039;, time: &#039;2018-11-14T08:17:03&#039;
System info: host: &#039;DESKTOP-URHJUUA&#039;, ip: &#039;192.168.29.154&#039;, os.name: &#039;Windows 11&#039;, os.arch: &#039;amd64&#039;, os.version: &#039;10.0&#039;, java.version: &#039;21.0.1&#039;
Driver info: driver.version: ChromeDriver
remote stacktrace: 	GetHandleVerifier [0x00007FF6CB6DAD22+56930]
	(No symbol) [0x00007FF6CB64F622]
	(No symbol) [0x00007FF6CB5042E5]
	(No symbol) [0x00007FF6CB53A432]
	(No symbol) [0x00007FF6CB53983F]
	(No symbol) [0x00007FF6CB53341E]
	(No symbol) [0x00007FF6CB5305D4]
	(No symbol) [0x00007FF6CB57595F]
	(No symbol) [0x00007FF6CB5754C0]
	(No symbol) [0x00007FF6CB56BA43]
	(No symbol) [0x00007FF6CB53D438]
	(No symbol) [0x00007FF6CB53E4D1]
	GetHandleVerifier [0x00007FF6CBA56AAD+3709933]
	GetHandleVerifier [0x00007FF6CBAAFFED+4075821]
	GetHandleVerifier [0x00007FF6CBAA817F+4043455]
	GetHandleVerifier [0x00007FF6CB779756+706710]
	(No symbol) [0x00007FF6CB65B8FF]
	(No symbol) [0x00007FF6CB656AE4]
	(No symbol) [0x00007FF6CB656C3C]
	(No symbol) [0x00007FF6CB6468F4]
	BaseThreadInitThunk [0x00007FFE6BA4257D+29]
	RtlUserThreadStart [0x00007FFE6BC6AA48+40]
" type="org.openqa.selenium.SessionNotCreatedException">
      <![CDATA[org.openqa.selenium.SessionNotCreatedException: session not created: This version of ChromeDriver only supports Chrome version 122
Current browser version is 124.0.6367.158 with binary path C:\Program Files\Google\Chrome\Application\chrome.exe
Build info: version: '3.141.59', revision: 'e82be7d358', time: '2018-11-14T08:17:03'
System info: host: 'DESKTOP-URHJUUA', ip: '192.168.29.154', os.name: 'Windows 11', os.arch: 'amd64', os.version: '10.0', java.version: '21.0.1'
Driver info: driver.version: ChromeDriver
remote stacktrace: GetHandleVerifier [0x00007FF6CB6DAD22+56930]
(No symbol) [0x00007FF6CB64F622]
(No symbol) [0x00007FF6CB5042E5]
(No symbol) [0x00007FF6CB53A432]
(No symbol) [0x00007FF6CB53983F]
(No symbol) [0x00007FF6CB53341E]
(No symbol) [0x00007FF6CB5305D4]
(No symbol) [0x00007FF6CB57595F]
(No symbol) [0x00007FF6CB5754C0]
(No symbol) [0x00007FF6CB56BA43]
(No symbol) [0x00007FF6CB53D438]
(No symbol) [0x00007FF6CB53E4D1]
GetHandleVerifier [0x00007FF6CBA56AAD+3709933]
GetHandleVerifier [0x00007FF6CBAAFFED+4075821]
GetHandleVerifier [0x00007FF6CBAA817F+4043455]
GetHandleVerifier [0x00007FF6CB779756+706710]
(No symbol) [0x00007FF6CB65B8FF]
(No symbol) [0x00007FF6CB656AE4]
(No symbol) [0x00007FF6CB656C3C]
(No symbol) [0x00007FF6CB6468F4]
BaseThreadInitThunk [0x00007FFE6BA4257D+29]
RtlUserThreadStart [0x00007FFE6BC6AA48+40]

at java.base/jdk.internal.reflect.DirectConstructorHandleAccessor.newInstance(DirectConstructorHandleAccessor.java:62)
at java.base/java.lang.reflect.Constructor.newInstanceWithCaller(Constructor.java:502)
at java.base/java.lang.reflect.Constructor.newInstance(Constructor.java:486)
at org.openqa.selenium.remote.W3CHandshakeResponse.lambda$errorHandler$0(W3CHandshakeResponse.java:62)
at org.openqa.selenium.remote.HandshakeResponse.lambda$getResponseFunction$0(HandshakeResponse.java:30)
at org.openqa.selenium.remote.ProtocolHandshake.lambda$createSession$0(ProtocolHandshake.java:126)
at java.base/java.util.stream.ReferencePipeline$3$1.accept(ReferencePipeline.java:197)
at java.base/java.util.Spliterators$ArraySpliterator.tryAdvance(Spliterators.java:1034)
at java.base/java.util.stream.ReferencePipeline.forEachWithCancel(ReferencePipeline.java:129)
at java.base/java.util.stream.AbstractPipeline.copyIntoWithCancel(AbstractPipeline.java:527)
at java.base/java.util.stream.AbstractPipeline.copyInto(AbstractPipeline.java:513)
at java.base/java.util.stream.AbstractPipeline.wrapAndCopyInto(AbstractPipeline.java:499)
at java.base/java.util.stream.FindOps$FindOp.evaluateSequential(FindOps.java:150)
at java.base/java.util.stream.AbstractPipeline.evaluate(AbstractPipeline.java:234)
at java.base/java.util.stream.ReferencePipeline.findFirst(ReferencePipeline.java:647)
at org.openqa.selenium.remote.ProtocolHandshake.createSession(ProtocolHandshake.java:128)
at org.openqa.selenium.remote.ProtocolHandshake.createSession(ProtocolHandshake.java:74)
at org.openqa.selenium.remote.HttpCommandExecutor.execute(HttpCommandExecutor.java:136)
at org.openqa.selenium.remote.service.DriverCommandExecutor.execute(DriverCommandExecutor.java:83)
at org.openqa.selenium.remote.RemoteWebDriver.execute(RemoteWebDriver.java:552)
at org.openqa.selenium.remote.RemoteWebDriver.startSession(RemoteWebDriver.java:213)
at org.openqa.selenium.remote.RemoteWebDriver.<init>(RemoteWebDriver.java:131)
at org.openqa.selenium.chrome.ChromeDriver.<init>(ChromeDriver.java:181)
at org.openqa.selenium.chrome.ChromeDriver.<init>(ChromeDriver.java:168)
at org.openqa.selenium.chrome.ChromeDriver.<init>(ChromeDriver.java:123)
at GenericUtils.BaseClass.launchBrowser(BaseClass.java:56)
at java.base/jdk.internal.reflect.DirectMethodHandleAccessor.invoke(DirectMethodHandleAccessor.java:103)
at java.base/java.lang.reflect.Method.invoke(Method.java:580)
at org.testng.internal.invokers.MethodInvocationHelper.invokeMethod(MethodInvocationHelper.java:139)
at org.testng.internal.invokers.MethodInvocationHelper.invokeMethodConsideringTimeout(MethodInvocationHelper.java:69)
at org.testng.internal.invokers.ConfigInvoker.invokeConfigurationMethod(ConfigInvoker.java:361)
at org.testng.internal.invokers.ConfigInvoker.invokeConfigurations(ConfigInvoker.java:296)
at org.testng.internal.invokers.TestMethodWorker.invokeBeforeClassMethods(TestMethodWorker.java:180)
at org.testng.internal.invokers.TestMethodWorker.run(TestMethodWorker.java:122)
at java.base/java.util.concurrent.ThreadPoolExecutor.runWorker(ThreadPoolExecutor.java:1144)
at java.base/java.util.concurrent.ThreadPoolExecutor$Worker.run(ThreadPoolExecutor.java:642)
at java.base/java.lang.Thread.run(Thread.java:1583)
]]>
    </error>
  </testcase> <!-- launchBrowser -->
  <system-out/>
</testsuite> <!-- demo.itacTest -->
